\BOOKMARK [0][-]{chapter.1}{はじめに}{}% 1
\BOOKMARK [1][-]{section.1.1}{受講にあたって}{chapter.1}% 2
\BOOKMARK [0][-]{chapter.2}{ストップウォッチについて}{}% 3
\BOOKMARK [1][-]{section.2.1}{実装目標}{chapter.2}% 4
\BOOKMARK [0][-]{chapter.3}{FPGA について}{}% 5
\BOOKMARK [1][-]{section.3.1}{3.1 HDL}{chapter.3}% 6
\BOOKMARK [1][-]{section.3.2}{3.2 VerilogHDL とVHDL}{chapter.3}% 7
\BOOKMARK [0][-]{chapter.4}{VHDL}{}% 8
\BOOKMARK [1][-]{section.4.1}{4.1 基本形}{chapter.4}% 9
\BOOKMARK [1][-]{section.4.2}{4.2 信号の種類}{chapter.4}% 10
\BOOKMARK [1][-]{section.4.3}{4.3 ポート宣言}{chapter.4}% 11
\BOOKMARK [1][-]{section.4.4}{4.4 シグナル宣言}{chapter.4}% 12
\BOOKMARK [1][-]{section.4.5}{4.5 値の代入}{chapter.4}% 13
\BOOKMARK [1][-]{section.4.6}{4.6 もう一つの信号 variable と代入}{chapter.4}% 14
\BOOKMARK [0][-]{chapter.5}{第5章 演習}{}% 15
\BOOKMARK [1][-]{section.5.1}{5.1 注意事項}{chapter.5}% 16
\BOOKMARK [1][-]{section.5.2}{5.2 論理演算}{chapter.5}% 17
\BOOKMARK [1][-]{section.5.3}{5.3 数値演算}{chapter.5}% 18
\BOOKMARK [1][-]{section.5.4}{5.4 条件分岐 when ～ else ～}{chapter.5}% 19
\BOOKMARK [1][-]{section.5.5}{5.5 条件分岐 with ～ select ～ when ～}{chapter.5}% 20
\BOOKMARK [1][-]{section.5.6}{5.6 process 文}{chapter.5}% 21
\BOOKMARK [1][-]{section.5.7}{5.7 フリップフロップの基本と if 文}{chapter.5}% 22
\BOOKMARK [1][-]{section.5.8}{5.8 カウンタ}{chapter.5}% 23
\BOOKMARK [1][-]{section.5.9}{5.9 分周回路と T フリップフロップ}{chapter.5}% 24
\BOOKMARK [1][-]{section.5.10}{5.10 積分回路とチャタリング除去}{chapter.5}% 25
\BOOKMARK [1][-]{section.5.11}{5.11 微分回路}{chapter.5}% 26
\BOOKMARK [1][-]{section.5.12}{5.12 １０進カウンタ}{chapter.5}% 27
\BOOKMARK [1][-]{section.5.13}{5.13 階層設計}{chapter.5}% 28
\BOOKMARK [1][-]{section.5.14}{5.14 状態遷移と、条件分岐 case ～ when ～}{chapter.5}% 29
\BOOKMARK [1][-]{section.5.15}{5.15 条件分岐 case ～ when ～}{chapter.5}% 30
\BOOKMARK [1][-]{section.5.16}{5.16 ストップウォッチ}{chapter.5}% 31
\BOOKMARK [0][-]{chapter.6}{第6章 付録}{}% 32
\BOOKMARK [1][-]{section.6.1}{6.1 参考情報}{chapter.6}% 33
\BOOKMARK [0][-]{chapter.7}{Indices and tables}{}% 34
